02:22:00,184 (main) INFO  [DataNucleus.Enhancer] - DataNucleus Enhancer (version 4.0.3) for API "JDO"
02:22:00,573 (main) INFO  [DataNucleus.Enhancer] - Writing class file "C:\work\workspace\idea\vonline-cs\target\classes\com\vmesteonline\be\access\VoUserAccessBase.class" with enhanced definition
02:22:00,577 (main) INFO  [DataNucleus.Enhancer] - ENHANCED (Persistable) : com.vmesteonline.be.access.VoUserAccessBase
02:22:00,608 (main) INFO  [DataNucleus.Enhancer] - Writing class file "C:\work\workspace\idea\vonline-cs\target\classes\com\vmesteonline\be\jdo2\VoUser.class" with enhanced definition
02:22:00,612 (main) INFO  [DataNucleus.Enhancer] - ENHANCED (Persistable) : com.vmesteonline.be.jdo2.VoUser
02:22:00,617 (main) INFO  [DataNucleus.Enhancer] - Writing class file "C:\work\workspace\idea\vonline-cs\target\classes\com\vmesteonline\be\jdo2\VoUserGroup.class" with enhanced definition
02:22:00,622 (main) INFO  [DataNucleus.Enhancer] - ENHANCED (Persistable) : com.vmesteonline.be.jdo2.VoUserGroup
02:22:00,629 (main) INFO  [DataNucleus.Enhancer] - Writing class file "C:\work\workspace\idea\vonline-cs\target\classes\com\vmesteonline\be\jdo2\VoTopic.class" with enhanced definition
02:22:00,634 (main) INFO  [DataNucleus.Enhancer] - ENHANCED (Persistable) : com.vmesteonline.be.jdo2.VoTopic
02:22:00,640 (main) INFO  [DataNucleus.Enhancer] - Writing class file "C:\work\workspace\idea\vonline-cs\target\classes\com\vmesteonline\be\jdo2\postaladdress\VoStreet.class" with enhanced definition
02:22:00,644 (main) INFO  [DataNucleus.Enhancer] - ENHANCED (Persistable) : com.vmesteonline.be.jdo2.postaladdress.VoStreet
02:22:00,648 (main) INFO  [DataNucleus.Enhancer] - Writing class file "C:\work\workspace\idea\vonline-cs\target\classes\com\vmesteonline\be\jdo2\VoRubric.class" with enhanced definition
02:22:00,651 (main) INFO  [DataNucleus.Enhancer] - ENHANCED (Persistable) : com.vmesteonline.be.jdo2.VoRubric
02:22:00,655 (main) INFO  [DataNucleus.Enhancer] - Writing class file "C:\work\workspace\idea\vonline-cs\target\classes\com\vmesteonline\be\jdo2\postaladdress\VoPostalAddress.class" with enhanced definition
02:22:00,660 (main) INFO  [DataNucleus.Enhancer] - ENHANCED (Persistable) : com.vmesteonline.be.jdo2.postaladdress.VoPostalAddress
02:22:00,663 (main) INFO  [DataNucleus.Enhancer] - Writing class file "C:\work\workspace\idea\vonline-cs\target\classes\com\vmesteonline\be\jdo2\VoSession.class" with enhanced definition
02:22:00,667 (main) INFO  [DataNucleus.Enhancer] - ENHANCED (Persistable) : com.vmesteonline.be.jdo2.VoSession
02:22:00,670 (main) INFO  [DataNucleus.Enhancer] - Writing class file "C:\work\workspace\idea\vonline-cs\target\classes\com\vmesteonline\be\jdo2\dialog\VoDialogMessage.class" with enhanced definition
02:22:00,673 (main) INFO  [DataNucleus.Enhancer] - ENHANCED (Persistable) : com.vmesteonline.be.jdo2.dialog.VoDialogMessage
02:22:00,677 (main) INFO  [DataNucleus.Enhancer] - Writing class file "C:\work\workspace\idea\vonline-cs\target\classes\com\vmesteonline\be\jdo2\postaladdress\VoBuilding.class" with enhanced definition
02:22:00,680 (main) INFO  [DataNucleus.Enhancer] - ENHANCED (Persistable) : com.vmesteonline.be.jdo2.postaladdress.VoBuilding
02:22:00,684 (main) INFO  [DataNucleus.Enhancer] - Writing class file "C:\work\workspace\idea\vonline-cs\target\classes\com\vmesteonline\be\jdo2\VoPoll.class" with enhanced definition
02:22:00,688 (main) INFO  [DataNucleus.Enhancer] - ENHANCED (Persistable) : com.vmesteonline.be.jdo2.VoPoll
02:22:00,690 (main) INFO  [DataNucleus.Enhancer] - Writing class file "C:\work\workspace\idea\vonline-cs\target\classes\com\vmesteonline\be\jdo2\utility\VoCounter.class" with enhanced definition
02:22:00,694 (main) INFO  [DataNucleus.Enhancer] - ENHANCED (Persistable) : com.vmesteonline.be.jdo2.utility.VoCounter
02:22:00,697 (main) INFO  [DataNucleus.Enhancer] - Writing class file "C:\work\workspace\idea\vonline-cs\target\classes\com\vmesteonline\be\jdo2\VoInviteCode.class" with enhanced definition
02:22:00,702 (main) INFO  [DataNucleus.Enhancer] - ENHANCED (Persistable) : com.vmesteonline.be.jdo2.VoInviteCode
02:22:00,706 (main) INFO  [DataNucleus.Enhancer] - Writing class file "C:\work\workspace\idea\vonline-cs\target\classes\com\vmesteonline\be\jdo2\postaladdress\VoCity.class" with enhanced definition
02:22:00,710 (main) INFO  [DataNucleus.Enhancer] - ENHANCED (Persistable) : com.vmesteonline.be.jdo2.postaladdress.VoCity
02:22:00,712 (main) INFO  [DataNucleus.Enhancer] - Writing class file "C:\work\workspace\idea\vonline-cs\target\classes\com\vmesteonline\be\jdo2\postaladdress\VoCountry.class" with enhanced definition
02:22:00,715 (main) INFO  [DataNucleus.Enhancer] - ENHANCED (Persistable) : com.vmesteonline.be.jdo2.postaladdress.VoCountry
02:22:00,718 (main) INFO  [DataNucleus.Enhancer] - Writing class file "C:\work\workspace\idea\vonline-cs\target\classes\com\vmesteonline\be\jdo2\VoFileAccessRecord.class" with enhanced definition
02:22:00,722 (main) INFO  [DataNucleus.Enhancer] - ENHANCED (Persistable) : com.vmesteonline.be.jdo2.VoFileAccessRecord
02:22:00,724 (main) INFO  [DataNucleus.Enhancer] - Writing class file "C:\work\workspace\idea\vonline-cs\target\classes\com\vmesteonline\be\jdo2\VoMessage.class" with enhanced definition
02:22:00,728 (main) INFO  [DataNucleus.Enhancer] - ENHANCED (Persistable) : com.vmesteonline.be.jdo2.VoMessage
02:22:00,730 (main) INFO  [DataNucleus.Enhancer] - Writing class file "C:\work\workspace\idea\vonline-cs\target\classes\com\vmesteonline\be\jdo2\GeoLocation.class" with enhanced definition
02:22:00,733 (main) INFO  [DataNucleus.Enhancer] - ENHANCED (Persistable) : com.vmesteonline.be.jdo2.GeoLocation
02:22:00,739 (main) INFO  [DataNucleus.Enhancer] - Writing class file "C:\work\workspace\idea\vonline-cs\target\classes\com\vmesteonline\be\jdo2\dialog\VoDialog.class" with enhanced definition
02:22:00,743 (main) INFO  [DataNucleus.Enhancer] - ENHANCED (Persistable) : com.vmesteonline.be.jdo2.dialog.VoDialog
02:22:00,748 (main) INFO  [DataNucleus.Enhancer] - Writing class file "C:\work\workspace\idea\vonline-cs\target\classes\com\vmesteonline\be\jdo2\VoBaseMessage.class" with enhanced definition
02:22:00,751 (main) INFO  [DataNucleus.Enhancer] - ENHANCED (Persistable) : com.vmesteonline.be.jdo2.VoBaseMessage
02:22:00,753 (main) INFO  [DataNucleus.Enhancer] - Writing class file "C:\work\workspace\idea\vonline-cs\target\classes\com\vmesteonline\be\jdo2\VoInitKey.class" with enhanced definition
02:22:00,757 (main) INFO  [DataNucleus.Enhancer] - ENHANCED (Persistable) : com.vmesteonline.be.jdo2.VoInitKey
02:22:00,757 (main) INFO  [DataNucleus.Enhancer] - DataNucleus Enhancer completed with success for 21 classes. Timings : input=341 ms, enhance=228 ms, total=569 ms. Consult the log for full details
02:22:05,516 (qtp65958573-25) WARN  [DataNucleus.Datastore.Schema] - Table "vosession" has column "curattrmap" yet type in datastore is "bigint" (required="map<int,bigint>")
02:22:05,516 (qtp65958573-22) WARN  [DataNucleus.Datastore.Schema] - Table "vosession" has column "curattrmap" yet type in datastore is "bigint" (required="map<int,bigint>")
02:22:05,517 (qtp65958573-25) WARN  [DataNucleus.Datastore.Schema] - Table "vosession" has column "newdialogmessages" yet type in datastore is "bigint" (required="map<bigint,int>")
02:22:05,517 (qtp65958573-22) WARN  [DataNucleus.Datastore.Schema] - Table "vosession" has column "newdialogmessages" yet type in datastore is "bigint" (required="map<bigint,int>")
02:22:05,518 (qtp65958573-25) ERROR [DataNucleus.Datastore.Schema] - Could not create schema for class=com.vmesteonline.be.jdo2.VoSession - see the nested exception
java.lang.NullPointerException
	at org.datanucleus.store.cassandra.CassandraSchemaHandler.createSchemaForClass(CassandraSchemaHandler.java:384)
	at org.datanucleus.store.cassandra.CassandraSchemaHandler.createSchemaForClasses(CassandraSchemaHandler.java:179)
	at org.datanucleus.store.cassandra.CassandraStoreManager.manageClasses(CassandraStoreManager.java:179)
	at org.datanucleus.store.cassandra.CassandraStoreManager.manageClasses(CassandraStoreManager.java:136)
	at org.datanucleus.ExecutionContextImpl.newObjectId(ExecutionContextImpl.java:3600)
	at org.datanucleus.api.jdo.JDOPersistenceManager.newObjectIdInstance(JDOPersistenceManager.java:1613)
	at org.datanucleus.api.jdo.JDOPersistenceManager.getObjectById(JDOPersistenceManager.java:1741)
	at com.vmesteonline.be.ServiceImpl.getCurrentSession(ServiceImpl.java:159)
	at com.vmesteonline.be.MessageServiceImpl.checkUpdates(MessageServiceImpl.java:382)
	at com.vmesteonline.be.thrift.messageservice.MessageService$Processor$checkUpdates.getResult(MessageService.java:1618)
	at com.vmesteonline.be.thrift.messageservice.MessageService$Processor$checkUpdates.getResult(MessageService.java:1602)
	at org.apache.thrift.ProcessFunction.process(ProcessFunction.java:39)
	at org.apache.thrift.TBaseProcessor.process(TBaseProcessor.java:50)
	at com.vmesteonline.be.VoServlet.doPost(VoServlet.java:119)
	at javax.servlet.http.HttpServlet.service(HttpServlet.java:707)
	at javax.servlet.http.HttpServlet.service(HttpServlet.java:790)
	at org.eclipse.jetty.servlet.ServletHolder.handle(ServletHolder.java:769)
	at org.eclipse.jetty.servlet.ServletHandler$CachedChain.doFilter(ServletHandler.java:1667)
	at com.vmesteonline.be.PersistenceInitFilter.doFilter(PersistenceInitFilter.java:34)
	at org.eclipse.jetty.servlet.ServletHandler$CachedChain.doFilter(ServletHandler.java:1650)
	at org.eclipse.jetty.servlet.ServletHandler.doHandle(ServletHandler.java:583)
	at org.eclipse.jetty.server.handler.ScopedHandler.handle(ScopedHandler.java:143)
	at org.eclipse.jetty.security.SecurityHandler.handle(SecurityHandler.java:577)
	at org.eclipse.jetty.server.session.SessionHandler.doHandle(SessionHandler.java:223)
	at org.eclipse.jetty.server.handler.ContextHandler.doHandle(ContextHandler.java:1125)
	at org.eclipse.jetty.servlet.ServletHandler.doScope(ServletHandler.java:515)
	at org.eclipse.jetty.server.session.SessionHandler.doScope(SessionHandler.java:185)
	at org.eclipse.jetty.server.handler.ContextHandler.doScope(ContextHandler.java:1059)
	at org.eclipse.jetty.server.handler.ScopedHandler.handle(ScopedHandler.java:141)
	at org.eclipse.jetty.server.handler.ContextHandlerCollection.handle(ContextHandlerCollection.java:215)
	at org.eclipse.jetty.server.handler.HandlerCollection.handle(HandlerCollection.java:110)
	at org.eclipse.jetty.server.handler.HandlerWrapper.handle(HandlerWrapper.java:97)
	at org.eclipse.jetty.server.Server.handle(Server.java:497)
	at org.eclipse.jetty.server.HttpChannel.handle(HttpChannel.java:311)
	at org.eclipse.jetty.server.HttpConnection.onFillable(HttpConnection.java:248)
	at org.eclipse.jetty.io.AbstractConnection$2.run(AbstractConnection.java:540)
	at org.eclipse.jetty.util.thread.QueuedThreadPool.runJob(QueuedThreadPool.java:610)
	at org.eclipse.jetty.util.thread.QueuedThreadPool$3.run(QueuedThreadPool.java:539)
	at java.lang.Thread.run(Thread.java:745)
02:22:05,518 (qtp65958573-22) ERROR [DataNucleus.Datastore.Schema] - Could not create schema for class=com.vmesteonline.be.jdo2.VoSession - see the nested exception
java.lang.NullPointerException
	at org.datanucleus.store.cassandra.CassandraSchemaHandler.createSchemaForClass(CassandraSchemaHandler.java:384)
	at org.datanucleus.store.cassandra.CassandraSchemaHandler.createSchemaForClasses(CassandraSchemaHandler.java:179)
	at org.datanucleus.store.cassandra.CassandraStoreManager.manageClasses(CassandraStoreManager.java:179)
	at org.datanucleus.store.cassandra.CassandraStoreManager.manageClasses(CassandraStoreManager.java:136)
	at org.datanucleus.ExecutionContextImpl.newObjectId(ExecutionContextImpl.java:3600)
	at org.datanucleus.api.jdo.JDOPersistenceManager.newObjectIdInstance(JDOPersistenceManager.java:1613)
	at org.datanucleus.api.jdo.JDOPersistenceManager.getObjectById(JDOPersistenceManager.java:1741)
	at com.vmesteonline.be.ServiceImpl.getCurrentSession(ServiceImpl.java:159)
	at com.vmesteonline.be.MessageServiceImpl.checkUpdates(MessageServiceImpl.java:382)
	at com.vmesteonline.be.thrift.messageservice.MessageService$Processor$checkUpdates.getResult(MessageService.java:1618)
	at com.vmesteonline.be.thrift.messageservice.MessageService$Processor$checkUpdates.getResult(MessageService.java:1602)
	at org.apache.thrift.ProcessFunction.process(ProcessFunction.java:39)
	at org.apache.thrift.TBaseProcessor.process(TBaseProcessor.java:50)
	at com.vmesteonline.be.VoServlet.doPost(VoServlet.java:119)
	at javax.servlet.http.HttpServlet.service(HttpServlet.java:707)
	at javax.servlet.http.HttpServlet.service(HttpServlet.java:790)
	at org.eclipse.jetty.servlet.ServletHolder.handle(ServletHolder.java:769)
	at org.eclipse.jetty.servlet.ServletHandler$CachedChain.doFilter(ServletHandler.java:1667)
	at com.vmesteonline.be.PersistenceInitFilter.doFilter(PersistenceInitFilter.java:34)
	at org.eclipse.jetty.servlet.ServletHandler$CachedChain.doFilter(ServletHandler.java:1650)
	at org.eclipse.jetty.servlet.ServletHandler.doHandle(ServletHandler.java:583)
	at org.eclipse.jetty.server.handler.ScopedHandler.handle(ScopedHandler.java:143)
	at org.eclipse.jetty.security.SecurityHandler.handle(SecurityHandler.java:577)
	at org.eclipse.jetty.server.session.SessionHandler.doHandle(SessionHandler.java:223)
	at org.eclipse.jetty.server.handler.ContextHandler.doHandle(ContextHandler.java:1125)
	at org.eclipse.jetty.servlet.ServletHandler.doScope(ServletHandler.java:515)
	at org.eclipse.jetty.server.session.SessionHandler.doScope(SessionHandler.java:185)
	at org.eclipse.jetty.server.handler.ContextHandler.doScope(ContextHandler.java:1059)
	at org.eclipse.jetty.server.handler.ScopedHandler.handle(ScopedHandler.java:141)
	at org.eclipse.jetty.server.handler.ContextHandlerCollection.handle(ContextHandlerCollection.java:215)
	at org.eclipse.jetty.server.handler.HandlerCollection.handle(HandlerCollection.java:110)
	at org.eclipse.jetty.server.handler.HandlerWrapper.handle(HandlerWrapper.java:97)
	at org.eclipse.jetty.server.Server.handle(Server.java:497)
	at org.eclipse.jetty.server.HttpChannel.handle(HttpChannel.java:311)
	at org.eclipse.jetty.server.HttpConnection.onFillable(HttpConnection.java:248)
	at org.eclipse.jetty.io.AbstractConnection$2.run(AbstractConnection.java:540)
	at org.eclipse.jetty.util.thread.QueuedThreadPool.runJob(QueuedThreadPool.java:610)
	at org.eclipse.jetty.util.thread.QueuedThreadPool$3.run(QueuedThreadPool.java:539)
	at java.lang.Thread.run(Thread.java:745)
