2014-11-28 23:27:05,076 [main] INFO  DataNucleus.Enhancer - DataNucleus Enhancer (version 4.0.3) for API "JDO"
2014-11-28 23:27:05,939 [main] INFO  DataNucleus.Enhancer - Writing class file "C:\workspace\projects\vonline-cs\target\classes\com\vmesteonline\be\access\VoUserAccessBase.class" with enhanced definition
2014-11-28 23:27:05,940 [main] INFO  DataNucleus.Enhancer - ENHANCED (Persistable) : com.vmesteonline.be.access.VoUserAccessBase
2014-11-28 23:27:06,051 [main] INFO  DataNucleus.Enhancer - Writing class file "C:\workspace\projects\vonline-cs\target\classes\com\vmesteonline\be\jdo2\VoUser.class" with enhanced definition
2014-11-28 23:27:06,052 [main] INFO  DataNucleus.Enhancer - ENHANCED (Persistable) : com.vmesteonline.be.jdo2.VoUser
2014-11-28 23:27:06,060 [main] INFO  DataNucleus.Enhancer - Writing class file "C:\workspace\projects\vonline-cs\target\classes\com\vmesteonline\be\jdo2\VoUserGroup.class" with enhanced definition
2014-11-28 23:27:06,061 [main] INFO  DataNucleus.Enhancer - ENHANCED (Persistable) : com.vmesteonline.be.jdo2.VoUserGroup
2014-11-28 23:27:06,068 [main] INFO  DataNucleus.Enhancer - Writing class file "C:\workspace\projects\vonline-cs\target\classes\com\vmesteonline\be\jdo2\utility\VoCounterService.class" with enhanced definition
2014-11-28 23:27:06,068 [main] INFO  DataNucleus.Enhancer - ENHANCED (Persistable) : com.vmesteonline.be.jdo2.utility.VoCounterService
2014-11-28 23:27:06,091 [main] INFO  DataNucleus.Enhancer - Writing class file "C:\workspace\projects\vonline-cs\target\classes\com\vmesteonline\be\jdo2\VoTopic.class" with enhanced definition
2014-11-28 23:27:06,092 [main] INFO  DataNucleus.Enhancer - ENHANCED (Persistable) : com.vmesteonline.be.jdo2.VoTopic
2014-11-28 23:27:06,100 [main] INFO  DataNucleus.Enhancer - Writing class file "C:\workspace\projects\vonline-cs\target\classes\com\vmesteonline\be\jdo2\postaladdress\VoStreet.class" with enhanced definition
2014-11-28 23:27:06,101 [main] INFO  DataNucleus.Enhancer - ENHANCED (Persistable) : com.vmesteonline.be.jdo2.postaladdress.VoStreet
2014-11-28 23:27:06,106 [main] INFO  DataNucleus.Enhancer - Writing class file "C:\workspace\projects\vonline-cs\target\classes\com\vmesteonline\be\jdo2\VoRubric.class" with enhanced definition
2014-11-28 23:27:06,107 [main] INFO  DataNucleus.Enhancer - ENHANCED (Persistable) : com.vmesteonline.be.jdo2.VoRubric
2014-11-28 23:27:06,118 [main] INFO  DataNucleus.Enhancer - Writing class file "C:\workspace\projects\vonline-cs\target\classes\com\vmesteonline\be\jdo2\postaladdress\VoPostalAddress.class" with enhanced definition
2014-11-28 23:27:06,119 [main] INFO  DataNucleus.Enhancer - ENHANCED (Persistable) : com.vmesteonline.be.jdo2.postaladdress.VoPostalAddress
2014-11-28 23:27:06,128 [main] INFO  DataNucleus.Enhancer - Writing class file "C:\workspace\projects\vonline-cs\target\classes\com\vmesteonline\be\jdo2\VoSession.class" with enhanced definition
2014-11-28 23:27:06,129 [main] INFO  DataNucleus.Enhancer - ENHANCED (Persistable) : com.vmesteonline.be.jdo2.VoSession
2014-11-28 23:27:06,135 [main] INFO  DataNucleus.Enhancer - Writing class file "C:\workspace\projects\vonline-cs\target\classes\com\vmesteonline\be\jdo2\dialog\VoDialogMessage.class" with enhanced definition
2014-11-28 23:27:06,137 [main] INFO  DataNucleus.Enhancer - ENHANCED (Persistable) : com.vmesteonline.be.jdo2.dialog.VoDialogMessage
2014-11-28 23:27:06,148 [main] INFO  DataNucleus.Enhancer - Writing class file "C:\workspace\projects\vonline-cs\target\classes\com\vmesteonline\be\jdo2\postaladdress\VoBuilding.class" with enhanced definition
2014-11-28 23:27:06,149 [main] INFO  DataNucleus.Enhancer - ENHANCED (Persistable) : com.vmesteonline.be.jdo2.postaladdress.VoBuilding
2014-11-28 23:27:06,167 [main] INFO  DataNucleus.Enhancer - Writing class file "C:\workspace\projects\vonline-cs\target\classes\com\vmesteonline\be\jdo2\VoPoll.class" with enhanced definition
2014-11-28 23:27:06,170 [main] INFO  DataNucleus.Enhancer - ENHANCED (Persistable) : com.vmesteonline.be.jdo2.VoPoll
2014-11-28 23:27:06,177 [main] INFO  DataNucleus.Enhancer - Writing class file "C:\workspace\projects\vonline-cs\target\classes\com\vmesteonline\be\jdo2\VoMulticastMessage.class" with enhanced definition
2014-11-28 23:27:06,179 [main] INFO  DataNucleus.Enhancer - ENHANCED (Persistable) : com.vmesteonline.be.jdo2.VoMulticastMessage
2014-11-28 23:27:06,183 [main] INFO  DataNucleus.Enhancer - Writing class file "C:\workspace\projects\vonline-cs\target\classes\com\vmesteonline\be\jdo2\utility\VoCounter.class" with enhanced definition
2014-11-28 23:27:06,184 [main] INFO  DataNucleus.Enhancer - ENHANCED (Persistable) : com.vmesteonline.be.jdo2.utility.VoCounter
2014-11-28 23:27:06,189 [main] INFO  DataNucleus.Enhancer - Writing class file "C:\workspace\projects\vonline-cs\target\classes\com\vmesteonline\be\jdo2\VoInviteCode.class" with enhanced definition
2014-11-28 23:27:06,189 [main] INFO  DataNucleus.Enhancer - ENHANCED (Persistable) : com.vmesteonline.be.jdo2.VoInviteCode
2014-11-28 23:27:06,198 [main] INFO  DataNucleus.Enhancer - Writing class file "C:\workspace\projects\vonline-cs\target\classes\com\vmesteonline\be\jdo2\postaladdress\VoCity.class" with enhanced definition
2014-11-28 23:27:06,199 [main] INFO  DataNucleus.Enhancer - ENHANCED (Persistable) : com.vmesteonline.be.jdo2.postaladdress.VoCity
2014-11-28 23:27:06,209 [main] INFO  DataNucleus.Enhancer - Writing class file "C:\workspace\projects\vonline-cs\target\classes\com\vmesteonline\be\jdo2\postaladdress\VoCountry.class" with enhanced definition
2014-11-28 23:27:06,210 [main] INFO  DataNucleus.Enhancer - ENHANCED (Persistable) : com.vmesteonline.be.jdo2.postaladdress.VoCountry
2014-11-28 23:27:06,223 [main] INFO  DataNucleus.Enhancer - Writing class file "C:\workspace\projects\vonline-cs\target\classes\com\vmesteonline\be\jdo2\VoFileAccessRecord.class" with enhanced definition
2014-11-28 23:27:06,228 [main] INFO  DataNucleus.Enhancer - ENHANCED (Persistable) : com.vmesteonline.be.jdo2.VoFileAccessRecord
2014-11-28 23:27:06,236 [main] INFO  DataNucleus.Enhancer - Writing class file "C:\workspace\projects\vonline-cs\target\classes\com\vmesteonline\be\jdo2\VoMessage.class" with enhanced definition
2014-11-28 23:27:06,237 [main] INFO  DataNucleus.Enhancer - ENHANCED (Persistable) : com.vmesteonline.be.jdo2.VoMessage
2014-11-28 23:27:06,241 [main] INFO  DataNucleus.Enhancer - Writing class file "C:\workspace\projects\vonline-cs\target\classes\com\vmesteonline\be\jdo2\GeoLocation.class" with enhanced definition
2014-11-28 23:27:06,241 [main] INFO  DataNucleus.Enhancer - ENHANCED (Persistable) : com.vmesteonline.be.jdo2.GeoLocation
2014-11-28 23:27:06,263 [main] INFO  DataNucleus.Enhancer - Writing class file "C:\workspace\projects\vonline-cs\target\classes\com\vmesteonline\be\jdo2\dialog\VoDialog.class" with enhanced definition
2014-11-28 23:27:06,264 [main] INFO  DataNucleus.Enhancer - ENHANCED (Persistable) : com.vmesteonline.be.jdo2.dialog.VoDialog
2014-11-28 23:27:06,277 [main] INFO  DataNucleus.Enhancer - Writing class file "C:\workspace\projects\vonline-cs\target\classes\com\vmesteonline\be\jdo2\VoBaseMessage.class" with enhanced definition
2014-11-28 23:27:06,278 [main] INFO  DataNucleus.Enhancer - ENHANCED (Persistable) : com.vmesteonline.be.jdo2.VoBaseMessage
2014-11-28 23:27:06,283 [main] INFO  DataNucleus.Enhancer - Writing class file "C:\workspace\projects\vonline-cs\target\classes\com\vmesteonline\be\jdo2\VoInitKey.class" with enhanced definition
2014-11-28 23:27:06,284 [main] INFO  DataNucleus.Enhancer - ENHANCED (Persistable) : com.vmesteonline.be.jdo2.VoInitKey
2014-11-28 23:27:06,286 [main] INFO  DataNucleus.Enhancer - DataNucleus Enhancer completed with success for 23 classes. Timings : input=753 ms, enhance=437 ms, total=1190 ms. Consult the log for full details
2014-11-28 23:30:13,693 [main] INFO  DataNucleus.Enhancer - DataNucleus Enhancer (version 4.0.3) for API "JDO"
2014-11-28 23:30:14,481 [main] INFO  DataNucleus.Enhancer - Class "com.vmesteonline.be.access.VoUserAccessBase" is already enhanced.
2014-11-28 23:30:14,482 [main] INFO  DataNucleus.Enhancer - ENHANCED (Persistable) : com.vmesteonline.be.access.VoUserAccessBase
2014-11-28 23:30:14,486 [main] INFO  DataNucleus.Enhancer - Class "com.vmesteonline.be.jdo2.VoUser" is already enhanced.
2014-11-28 23:30:14,486 [main] INFO  DataNucleus.Enhancer - ENHANCED (Persistable) : com.vmesteonline.be.jdo2.VoUser
2014-11-28 23:30:14,488 [main] INFO  DataNucleus.Enhancer - Class "com.vmesteonline.be.jdo2.VoUserGroup" is already enhanced.
2014-11-28 23:30:14,489 [main] INFO  DataNucleus.Enhancer - ENHANCED (Persistable) : com.vmesteonline.be.jdo2.VoUserGroup
2014-11-28 23:30:14,491 [main] INFO  DataNucleus.Enhancer - Class "com.vmesteonline.be.jdo2.utility.VoCounterService" is already enhanced.
2014-11-28 23:30:14,491 [main] INFO  DataNucleus.Enhancer - ENHANCED (Persistable) : com.vmesteonline.be.jdo2.utility.VoCounterService
2014-11-28 23:30:14,493 [main] INFO  DataNucleus.Enhancer - Class "com.vmesteonline.be.jdo2.VoTopic" is already enhanced.
2014-11-28 23:30:14,494 [main] INFO  DataNucleus.Enhancer - ENHANCED (Persistable) : com.vmesteonline.be.jdo2.VoTopic
2014-11-28 23:30:14,497 [main] INFO  DataNucleus.Enhancer - Class "com.vmesteonline.be.jdo2.postaladdress.VoStreet" is already enhanced.
2014-11-28 23:30:14,497 [main] INFO  DataNucleus.Enhancer - ENHANCED (Persistable) : com.vmesteonline.be.jdo2.postaladdress.VoStreet
2014-11-28 23:30:14,500 [main] INFO  DataNucleus.Enhancer - Class "com.vmesteonline.be.jdo2.VoRubric" is already enhanced.
2014-11-28 23:30:14,500 [main] INFO  DataNucleus.Enhancer - ENHANCED (Persistable) : com.vmesteonline.be.jdo2.VoRubric
2014-11-28 23:30:14,503 [main] INFO  DataNucleus.Enhancer - Class "com.vmesteonline.be.jdo2.postaladdress.VoPostalAddress" is already enhanced.
2014-11-28 23:30:14,504 [main] INFO  DataNucleus.Enhancer - ENHANCED (Persistable) : com.vmesteonline.be.jdo2.postaladdress.VoPostalAddress
2014-11-28 23:30:14,507 [main] INFO  DataNucleus.Enhancer - Class "com.vmesteonline.be.jdo2.VoSession" is already enhanced.
2014-11-28 23:30:14,507 [main] INFO  DataNucleus.Enhancer - ENHANCED (Persistable) : com.vmesteonline.be.jdo2.VoSession
2014-11-28 23:30:14,510 [main] INFO  DataNucleus.Enhancer - Class "com.vmesteonline.be.jdo2.dialog.VoDialogMessage" is already enhanced.
2014-11-28 23:30:14,510 [main] INFO  DataNucleus.Enhancer - ENHANCED (Persistable) : com.vmesteonline.be.jdo2.dialog.VoDialogMessage
2014-11-28 23:30:14,513 [main] INFO  DataNucleus.Enhancer - Class "com.vmesteonline.be.jdo2.postaladdress.VoBuilding" is already enhanced.
2014-11-28 23:30:14,513 [main] INFO  DataNucleus.Enhancer - ENHANCED (Persistable) : com.vmesteonline.be.jdo2.postaladdress.VoBuilding
2014-11-28 23:30:14,516 [main] INFO  DataNucleus.Enhancer - Class "com.vmesteonline.be.jdo2.VoPoll" is already enhanced.
2014-11-28 23:30:14,516 [main] INFO  DataNucleus.Enhancer - ENHANCED (Persistable) : com.vmesteonline.be.jdo2.VoPoll
2014-11-28 23:30:14,519 [main] INFO  DataNucleus.Enhancer - Class "com.vmesteonline.be.jdo2.VoMulticastMessage" is already enhanced.
2014-11-28 23:30:14,519 [main] INFO  DataNucleus.Enhancer - ENHANCED (Persistable) : com.vmesteonline.be.jdo2.VoMulticastMessage
2014-11-28 23:30:14,521 [main] INFO  DataNucleus.Enhancer - Class "com.vmesteonline.be.jdo2.utility.VoCounter" is already enhanced.
2014-11-28 23:30:14,521 [main] INFO  DataNucleus.Enhancer - ENHANCED (Persistable) : com.vmesteonline.be.jdo2.utility.VoCounter
2014-11-28 23:30:14,524 [main] INFO  DataNucleus.Enhancer - Class "com.vmesteonline.be.jdo2.VoInviteCode" is already enhanced.
2014-11-28 23:30:14,524 [main] INFO  DataNucleus.Enhancer - ENHANCED (Persistable) : com.vmesteonline.be.jdo2.VoInviteCode
2014-11-28 23:30:14,527 [main] INFO  DataNucleus.Enhancer - Class "com.vmesteonline.be.jdo2.postaladdress.VoCity" is already enhanced.
2014-11-28 23:30:14,527 [main] INFO  DataNucleus.Enhancer - ENHANCED (Persistable) : com.vmesteonline.be.jdo2.postaladdress.VoCity
2014-11-28 23:30:14,530 [main] INFO  DataNucleus.Enhancer - Class "com.vmesteonline.be.jdo2.postaladdress.VoCountry" is already enhanced.
2014-11-28 23:30:14,530 [main] INFO  DataNucleus.Enhancer - ENHANCED (Persistable) : com.vmesteonline.be.jdo2.postaladdress.VoCountry
2014-11-28 23:30:14,532 [main] INFO  DataNucleus.Enhancer - Class "com.vmesteonline.be.jdo2.VoFileAccessRecord" is already enhanced.
2014-11-28 23:30:14,532 [main] INFO  DataNucleus.Enhancer - ENHANCED (Persistable) : com.vmesteonline.be.jdo2.VoFileAccessRecord
2014-11-28 23:30:14,533 [main] INFO  DataNucleus.Enhancer - Class "com.vmesteonline.be.jdo2.VoMessage" is already enhanced.
2014-11-28 23:30:14,533 [main] INFO  DataNucleus.Enhancer - ENHANCED (Persistable) : com.vmesteonline.be.jdo2.VoMessage
2014-11-28 23:30:14,535 [main] INFO  DataNucleus.Enhancer - Class "com.vmesteonline.be.jdo2.GeoLocation" is already enhanced.
2014-11-28 23:30:14,535 [main] INFO  DataNucleus.Enhancer - ENHANCED (Persistable) : com.vmesteonline.be.jdo2.GeoLocation
2014-11-28 23:30:14,537 [main] INFO  DataNucleus.Enhancer - Class "com.vmesteonline.be.jdo2.dialog.VoDialog" is already enhanced.
2014-11-28 23:30:14,537 [main] INFO  DataNucleus.Enhancer - ENHANCED (Persistable) : com.vmesteonline.be.jdo2.dialog.VoDialog
2014-11-28 23:30:14,538 [main] INFO  DataNucleus.Enhancer - Class "com.vmesteonline.be.jdo2.VoBaseMessage" is already enhanced.
2014-11-28 23:30:14,538 [main] INFO  DataNucleus.Enhancer - ENHANCED (Persistable) : com.vmesteonline.be.jdo2.VoBaseMessage
2014-11-28 23:30:14,541 [main] INFO  DataNucleus.Enhancer - Class "com.vmesteonline.be.jdo2.VoInitKey" is already enhanced.
2014-11-28 23:30:14,541 [main] INFO  DataNucleus.Enhancer - ENHANCED (Persistable) : com.vmesteonline.be.jdo2.VoInitKey
2014-11-28 23:30:14,542 [main] INFO  DataNucleus.Enhancer - DataNucleus Enhancer completed with success for 23 classes. Timings : input=731 ms, enhance=109 ms, total=840 ms. Consult the log for full details
2014-11-28 23:34:06,085 [main] INFO  DataNucleus.Enhancer - DataNucleus Enhancer (version 4.0.3) for API "JDO"
2014-11-28 23:34:06,853 [main] INFO  DataNucleus.Enhancer - Class "com.vmesteonline.be.access.VoUserAccessBase" is already enhanced.
2014-11-28 23:34:06,853 [main] INFO  DataNucleus.Enhancer - ENHANCED (Persistable) : com.vmesteonline.be.access.VoUserAccessBase
2014-11-28 23:34:06,859 [main] INFO  DataNucleus.Enhancer - Class "com.vmesteonline.be.jdo2.VoUser" is already enhanced.
2014-11-28 23:34:06,859 [main] INFO  DataNucleus.Enhancer - ENHANCED (Persistable) : com.vmesteonline.be.jdo2.VoUser
2014-11-28 23:34:06,861 [main] INFO  DataNucleus.Enhancer - Class "com.vmesteonline.be.jdo2.VoUserGroup" is already enhanced.
2014-11-28 23:34:06,861 [main] INFO  DataNucleus.Enhancer - ENHANCED (Persistable) : com.vmesteonline.be.jdo2.VoUserGroup
2014-11-28 23:34:06,874 [main] INFO  DataNucleus.Enhancer - Class "com.vmesteonline.be.jdo2.utility.VoCounterService" is already enhanced.
2014-11-28 23:34:06,874 [main] INFO  DataNucleus.Enhancer - ENHANCED (Persistable) : com.vmesteonline.be.jdo2.utility.VoCounterService
2014-11-28 23:34:06,876 [main] INFO  DataNucleus.Enhancer - Class "com.vmesteonline.be.jdo2.VoTopic" is already enhanced.
2014-11-28 23:34:06,877 [main] INFO  DataNucleus.Enhancer - ENHANCED (Persistable) : com.vmesteonline.be.jdo2.VoTopic
2014-11-28 23:34:06,881 [main] INFO  DataNucleus.Enhancer - Class "com.vmesteonline.be.jdo2.postaladdress.VoStreet" is already enhanced.
2014-11-28 23:34:06,881 [main] INFO  DataNucleus.Enhancer - ENHANCED (Persistable) : com.vmesteonline.be.jdo2.postaladdress.VoStreet
2014-11-28 23:34:06,884 [main] INFO  DataNucleus.Enhancer - Class "com.vmesteonline.be.jdo2.VoRubric" is already enhanced.
2014-11-28 23:34:06,884 [main] INFO  DataNucleus.Enhancer - ENHANCED (Persistable) : com.vmesteonline.be.jdo2.VoRubric
2014-11-28 23:34:06,888 [main] INFO  DataNucleus.Enhancer - Class "com.vmesteonline.be.jdo2.postaladdress.VoPostalAddress" is already enhanced.
2014-11-28 23:34:06,888 [main] INFO  DataNucleus.Enhancer - ENHANCED (Persistable) : com.vmesteonline.be.jdo2.postaladdress.VoPostalAddress
2014-11-28 23:34:06,896 [main] INFO  DataNucleus.Enhancer - Class "com.vmesteonline.be.jdo2.VoSession" is already enhanced.
2014-11-28 23:34:06,896 [main] INFO  DataNucleus.Enhancer - ENHANCED (Persistable) : com.vmesteonline.be.jdo2.VoSession
2014-11-28 23:34:06,900 [main] INFO  DataNucleus.Enhancer - Class "com.vmesteonline.be.jdo2.dialog.VoDialogMessage" is already enhanced.
2014-11-28 23:34:06,900 [main] INFO  DataNucleus.Enhancer - ENHANCED (Persistable) : com.vmesteonline.be.jdo2.dialog.VoDialogMessage
2014-11-28 23:34:06,902 [main] INFO  DataNucleus.Enhancer - Class "com.vmesteonline.be.jdo2.postaladdress.VoBuilding" is already enhanced.
2014-11-28 23:34:06,903 [main] INFO  DataNucleus.Enhancer - ENHANCED (Persistable) : com.vmesteonline.be.jdo2.postaladdress.VoBuilding
2014-11-28 23:34:06,905 [main] INFO  DataNucleus.Enhancer - Class "com.vmesteonline.be.jdo2.VoPoll" is already enhanced.
2014-11-28 23:34:06,905 [main] INFO  DataNucleus.Enhancer - ENHANCED (Persistable) : com.vmesteonline.be.jdo2.VoPoll
2014-11-28 23:34:06,907 [main] INFO  DataNucleus.Enhancer - Class "com.vmesteonline.be.jdo2.VoMulticastMessage" is already enhanced.
2014-11-28 23:34:06,907 [main] INFO  DataNucleus.Enhancer - ENHANCED (Persistable) : com.vmesteonline.be.jdo2.VoMulticastMessage
2014-11-28 23:34:06,909 [main] INFO  DataNucleus.Enhancer - Class "com.vmesteonline.be.jdo2.utility.VoCounter" is already enhanced.
2014-11-28 23:34:06,910 [main] INFO  DataNucleus.Enhancer - ENHANCED (Persistable) : com.vmesteonline.be.jdo2.utility.VoCounter
2014-11-28 23:34:06,911 [main] INFO  DataNucleus.Enhancer - Class "com.vmesteonline.be.jdo2.VoInviteCode" is already enhanced.
2014-11-28 23:34:06,911 [main] INFO  DataNucleus.Enhancer - ENHANCED (Persistable) : com.vmesteonline.be.jdo2.VoInviteCode
2014-11-28 23:34:06,918 [main] INFO  DataNucleus.Enhancer - Class "com.vmesteonline.be.jdo2.postaladdress.VoCity" is already enhanced.
2014-11-28 23:34:06,918 [main] INFO  DataNucleus.Enhancer - ENHANCED (Persistable) : com.vmesteonline.be.jdo2.postaladdress.VoCity
2014-11-28 23:34:06,920 [main] INFO  DataNucleus.Enhancer - Class "com.vmesteonline.be.jdo2.postaladdress.VoCountry" is already enhanced.
2014-11-28 23:34:06,920 [main] INFO  DataNucleus.Enhancer - ENHANCED (Persistable) : com.vmesteonline.be.jdo2.postaladdress.VoCountry
2014-11-28 23:34:06,922 [main] INFO  DataNucleus.Enhancer - Class "com.vmesteonline.be.jdo2.VoFileAccessRecord" is already enhanced.
2014-11-28 23:34:06,922 [main] INFO  DataNucleus.Enhancer - ENHANCED (Persistable) : com.vmesteonline.be.jdo2.VoFileAccessRecord
2014-11-28 23:34:06,923 [main] INFO  DataNucleus.Enhancer - Class "com.vmesteonline.be.jdo2.VoMessage" is already enhanced.
2014-11-28 23:34:06,924 [main] INFO  DataNucleus.Enhancer - ENHANCED (Persistable) : com.vmesteonline.be.jdo2.VoMessage
2014-11-28 23:34:06,925 [main] INFO  DataNucleus.Enhancer - Class "com.vmesteonline.be.jdo2.GeoLocation" is already enhanced.
2014-11-28 23:34:06,925 [main] INFO  DataNucleus.Enhancer - ENHANCED (Persistable) : com.vmesteonline.be.jdo2.GeoLocation
2014-11-28 23:34:06,928 [main] INFO  DataNucleus.Enhancer - Class "com.vmesteonline.be.jdo2.dialog.VoDialog" is already enhanced.
2014-11-28 23:34:06,928 [main] INFO  DataNucleus.Enhancer - ENHANCED (Persistable) : com.vmesteonline.be.jdo2.dialog.VoDialog
2014-11-28 23:34:06,930 [main] INFO  DataNucleus.Enhancer - Class "com.vmesteonline.be.jdo2.VoBaseMessage" is already enhanced.
2014-11-28 23:34:06,930 [main] INFO  DataNucleus.Enhancer - ENHANCED (Persistable) : com.vmesteonline.be.jdo2.VoBaseMessage
2014-11-28 23:34:06,933 [main] INFO  DataNucleus.Enhancer - Class "com.vmesteonline.be.jdo2.VoInitKey" is already enhanced.
2014-11-28 23:34:06,933 [main] INFO  DataNucleus.Enhancer - ENHANCED (Persistable) : com.vmesteonline.be.jdo2.VoInitKey
2014-11-28 23:34:06,934 [main] INFO  DataNucleus.Enhancer - DataNucleus Enhancer completed with success for 23 classes. Timings : input=710 ms, enhance=130 ms, total=840 ms. Consult the log for full details
